<?xml version="1.0" encoding="UTF-8"?>
<!-- Generated by org.testng.reporters.JUnitReportReporter -->
<testsuite hostname="Balaji" failures="0" tests="2" name="com.harman.test.LoginTest" time="62.631" errors="0" timestamp="2022-04-20T20:52:26 IST" skipped="0">
  <testcase classname="com.harman.test.LoginTest" name="validCredentialTest" time="32.391"/>
  <system-out/>
  <testcase classname="com.harman.test.LoginTest" name="validCredentialTest" time="30.240"/>
  <system-out/>
</testsuite> <!-- com.harman.test.LoginTest -->
