<?xml version="1.0" encoding="UTF-8"?>
<!-- Generated by org.testng.reporters.JUnitReportReporter -->
<testsuite hostname="Balaji" failures="0" tests="1" name="com.harman.test.LoginTest" time="14.826" errors="0" timestamp="2022-04-20T19:32:18 IST" skipped="0">
  <testcase classname="com.harman.test.LoginTest" name="invalidCredentialTest" time="14.826"/>
  <system-out/>
</testsuite> <!-- com.harman.test.LoginTest -->
