<?xml version="1.0" encoding="UTF-8"?>
<!-- Generated by org.testng.reporters.JUnitReportReporter -->
<testsuite hostname="Balaji" failures="0" tests="2" name="com.harman.test.LoginTest" time="60.018" errors="0" timestamp="2022-04-20T19:42:13 IST" skipped="0">
  <testcase classname="com.harman.test.LoginTest" name="invalidCredentialTest" time="19.435"/>
  <system-out/>
  <testcase classname="com.harman.test.LoginTest" name="validCredentialTest" time="40.583"/>
  <system-out/>
</testsuite> <!-- com.harman.test.LoginTest -->
