<?xml version="1.0" encoding="UTF-8"?>
<!-- Generated by org.testng.reporters.JUnitReportReporter -->
<testsuite hostname="Balaji" failures="0" tests="3" name="com.harman.test.LoginTest" time="0.020" errors="0" timestamp="2022-04-20T18:29:03 IST" skipped="0">
  <testcase classname="com.harman.test.LoginTest" name="validCredentialTest" time="0.003"/>
  <system-out/>
  <testcase classname="com.harman.test.LoginTest" name="validCredentialTest" time="0.005"/>
  <system-out/>
  <testcase classname="com.harman.test.LoginTest" name="validCredentialTest" time="0.012"/>
  <system-out/>
</testsuite> <!-- com.harman.test.LoginTest -->
