<?xml version="1.0" encoding="UTF-8"?>
<!-- Generated by org.testng.reporters.JUnitReportReporter -->
<testsuite hostname="Balaji" failures="0" tests="3" name="com.harman.test.DemoTest" time="8.468" errors="0" timestamp="2022-04-20T20:32:14 IST" skipped="0">
  <testcase classname="com.harman.test.DemoTest" name="validTest" time="3.966"/>
  <system-out/>
  <testcase classname="com.harman.test.DemoTest" name="validTest" time="1.125"/>
  <system-out/>
  <testcase classname="com.harman.test.DemoTest" name="validTest" time="3.377"/>
  <system-out/>
</testsuite> <!-- com.harman.test.DemoTest -->
