<?xml version="1.0" encoding="UTF-8"?>
<!-- Generated by org.testng.reporters.JUnitReportReporter -->
<testsuite hostname="Balaji" failures="0" tests="1" name="com.harman.test.LoginUITest" time="9.907" errors="0" timestamp="2022-04-20T22:03:42 IST" skipped="0">
  <testcase classname="com.harman.test.LoginUITest" name="validateTitleTest" time="9.907"/>
  <system-out>
    <![CDATA[valid title OpenEMR Login]]>
  </system-out>
</testsuite> <!-- com.harman.test.LoginUITest -->
